{"C:\\Users\\matth\\Documents\\Code\\LaFosse\\Course\\learnify\\learnifyBackend\\app.js": {"path":"C:\\Users\\matth\\Documents\\Code\\LaFosse\\Course\\learnify\\learnifyBackend\\app.js","statementMap":{"0":{"start":{"line":1,"column":16},"end":{"line":1,"column":34}},"1":{"start":{"line":2,"column":13},"end":{"line":2,"column":28}},"2":{"start":{"line":4,"column":19},"end":{"line":4,"column":43}},"3":{"start":{"line":7,"column":12},"end":{"line":7,"column":21}},"4":{"start":{"line":9,"column":0},"end":{"line":9,"column":16}},"5":{"start":{"line":10,"column":0},"end":{"line":10,"column":24}},"6":{"start":{"line":12,"column":0},"end":{"line":17,"column":2}},"7":{"start":{"line":13,"column":4},"end":{"line":16,"column":6}},"8":{"start":{"line":19,"column":0},"end":{"line":19,"column":30}},"9":{"start":{"line":22,"column":0},"end":{"line":22,"column":21}}},"fnMap":{"0":{"name":"(anonymous_0)","decl":{"start":{"line":12,"column":13},"end":{"line":12,"column":14}},"loc":{"start":{"line":12,"column":27},"end":{"line":17,"column":1}},"line":12}},"branchMap":{},"s":{"0":1,"1":1,"2":1,"3":1,"4":1,"5":1,"6":1,"7":1,"8":1,"9":1},"f":{"0":1},"b":{},"_coverageSchema":"1a1c01bbd47fc00a2c39e90264f33305004495a9","hash":"a8264711d2f18604a2c9a1233a436f46c6839544"}
,"C:\\Users\\matth\\Documents\\Code\\LaFosse\\Course\\learnify\\learnifyBackend\\__test__\\integration\\config.js": {"path":"C:\\Users\\matth\\Documents\\Code\\LaFosse\\Course\\learnify\\learnifyBackend\\__test__\\integration\\config.js","statementMap":{"0":{"start":{"line":1,"column":17},"end":{"line":1,"column":30}},"1":{"start":{"line":2,"column":11},"end":{"line":2,"column":24}},"2":{"start":{"line":3,"column":0},"end":{"line":3,"column":27}},"3":{"start":{"line":5,"column":17},"end":{"line":5,"column":69}},"4":{"start":{"line":8,"column":20},"end":{"line":25,"column":1}},"5":{"start":{"line":9,"column":2},"end":{"line":24,"column":3}},"6":{"start":{"line":11,"column":15},"end":{"line":13,"column":6}},"7":{"start":{"line":15,"column":4},"end":{"line":15,"column":29}},"8":{"start":{"line":18,"column":4},"end":{"line":18,"column":19}},"9":{"start":{"line":20,"column":4},"end":{"line":20,"column":46}},"10":{"start":{"line":22,"column":4},"end":{"line":22,"column":50}},"11":{"start":{"line":23,"column":4},"end":{"line":23,"column":14}},"12":{"start":{"line":27,"column":0},"end":{"line":27,"column":13}},"13":{"start":{"line":29,"column":0},"end":{"line":29,"column":33}}},"fnMap":{"0":{"name":"(anonymous_0)","decl":{"start":{"line":8,"column":20},"end":{"line":8,"column":21}},"loc":{"start":{"line":8,"column":32},"end":{"line":25,"column":1}},"line":8}},"branchMap":{},"s":{"0":1,"1":1,"2":1,"3":1,"4":1,"5":11,"6":11,"7":11,"8":11,"9":11,"10":0,"11":0,"12":1,"13":1},"f":{"0":11},"b":{},"_coverageSchema":"1a1c01bbd47fc00a2c39e90264f33305004495a9","hash":"e229ed31740002dd76fa2ce68b9380c926eb6713"}
,"C:\\Users\\matth\\Documents\\Code\\LaFosse\\Course\\learnify\\learnifyBackend\\controllers\\question.js": {"path":"C:\\Users\\matth\\Documents\\Code\\LaFosse\\Course\\learnify\\learnifyBackend\\controllers\\question.js","statementMap":{"0":{"start":{"line":1,"column":17},"end":{"line":1,"column":46}},"1":{"start":{"line":5,"column":2},"end":{"line":11,"column":3}},"2":{"start":{"line":6,"column":21},"end":{"line":6,"column":44}},"3":{"start":{"line":7,"column":4},"end":{"line":7,"column":29}},"4":{"start":{"line":8,"column":4},"end":{"line":8,"column":35}},"5":{"start":{"line":10,"column":4},"end":{"line":10,"column":48}},"6":{"start":{"line":14,"column":2},"end":{"line":29,"column":3}},"7":{"start":{"line":15,"column":15},"end":{"line":15,"column":46}},"8":{"start":{"line":16,"column":21},"end":{"line":16,"column":47}},"9":{"start":{"line":17,"column":4},"end":{"line":26,"column":7}},"10":{"start":{"line":28,"column":4},"end":{"line":28,"column":49}},"11":{"start":{"line":34,"column":2},"end":{"line":40,"column":3}},"12":{"start":{"line":35,"column":15},"end":{"line":35,"column":46}},"13":{"start":{"line":36,"column":26},"end":{"line":36,"column":61}},"14":{"start":{"line":37,"column":4},"end":{"line":37,"column":58}},"15":{"start":{"line":39,"column":4},"end":{"line":39,"column":49}},"16":{"start":{"line":43,"column":0},"end":{"line":43,"column":48}}},"fnMap":{"0":{"name":"index","decl":{"start":{"line":4,"column":15},"end":{"line":4,"column":20}},"loc":{"start":{"line":4,"column":31},"end":{"line":12,"column":1}},"line":4},"1":{"name":"show","decl":{"start":{"line":13,"column":15},"end":{"line":13,"column":19}},"loc":{"start":{"line":13,"column":30},"end":{"line":30,"column":1}},"line":13},"2":{"name":"correctAnswer","decl":{"start":{"line":33,"column":15},"end":{"line":33,"column":28}},"loc":{"start":{"line":33,"column":39},"end":{"line":41,"column":1}},"line":33}},"branchMap":{},"s":{"0":1,"1":2,"2":2,"3":1,"4":1,"5":1,"6":2,"7":2,"8":2,"9":1,"10":1,"11":2,"12":2,"13":2,"14":1,"15":1,"16":1},"f":{"0":2,"1":2,"2":2},"b":{},"_coverageSchema":"1a1c01bbd47fc00a2c39e90264f33305004495a9","hash":"a0d4614c272eeb4796442d6ffbea1e93b0914cdb"}
,"C:\\Users\\matth\\Documents\\Code\\LaFosse\\Course\\learnify\\learnifyBackend\\controllers\\user.js": {"path":"C:\\Users\\matth\\Documents\\Code\\LaFosse\\Course\\learnify\\learnifyBackend\\controllers\\user.js","statementMap":{"0":{"start":{"line":1,"column":15},"end":{"line":1,"column":32}},"1":{"start":{"line":2,"column":12},"end":{"line":2,"column":35}},"2":{"start":{"line":3,"column":0},"end":{"line":3,"column":27}},"3":{"start":{"line":5,"column":13},"end":{"line":5,"column":38}},"4":{"start":{"line":8,"column":2},"end":{"line":14,"column":3}},"5":{"start":{"line":9,"column":19},"end":{"line":9,"column":36}},"6":{"start":{"line":10,"column":24},"end":{"line":10,"column":58}},"7":{"start":{"line":11,"column":4},"end":{"line":11,"column":38}},"8":{"start":{"line":13,"column":4},"end":{"line":13,"column":49}},"9":{"start":{"line":18,"column":4},"end":{"line":30,"column":5}},"10":{"start":{"line":19,"column":19},"end":{"line":19,"column":27}},"11":{"start":{"line":22,"column":19},"end":{"line":22,"column":81}},"12":{"start":{"line":25,"column":6},"end":{"line":25,"column":64}},"13":{"start":{"line":26,"column":21},"end":{"line":26,"column":44}},"14":{"start":{"line":27,"column":6},"end":{"line":27,"column":35}},"15":{"start":{"line":29,"column":6},"end":{"line":29,"column":51}},"16":{"start":{"line":34,"column":2},"end":{"line":40,"column":3}},"17":{"start":{"line":35,"column":19},"end":{"line":35,"column":36}},"18":{"start":{"line":36,"column":4},"end":{"line":36,"column":35}},"19":{"start":{"line":37,"column":4},"end":{"line":37,"column":68}},"20":{"start":{"line":39,"column":4},"end":{"line":39,"column":49}},"21":{"start":{"line":44,"column":17},"end":{"line":44,"column":25}},"22":{"start":{"line":45,"column":4},"end":{"line":67,"column":5}},"23":{"start":{"line":46,"column":19},"end":{"line":46,"column":61}},"24":{"start":{"line":47,"column":6},"end":{"line":47,"column":65}},"25":{"start":{"line":47,"column":18},"end":{"line":47,"column":63}},"26":{"start":{"line":49,"column":20},"end":{"line":49,"column":70}},"27":{"start":{"line":51,"column":6},"end":{"line":64,"column":7}},"28":{"start":{"line":52,"column":24},"end":{"line":52,"column":52}},"29":{"start":{"line":54,"column":8},"end":{"line":60,"column":11}},"30":{"start":{"line":55,"column":10},"end":{"line":55,"column":65}},"31":{"start":{"line":55,"column":19},"end":{"line":55,"column":63}},"32":{"start":{"line":56,"column":10},"end":{"line":59,"column":13}},"33":{"start":{"line":63,"column":8},"end":{"line":63,"column":58}},"34":{"start":{"line":66,"column":6},"end":{"line":66,"column":51}},"35":{"start":{"line":71,"column":2},"end":{"line":78,"column":3}},"36":{"start":{"line":72,"column":24},"end":{"line":72,"column":64}},"37":{"start":{"line":73,"column":21},"end":{"line":73,"column":52}},"38":{"start":{"line":75,"column":4},"end":{"line":75,"column":34}},"39":{"start":{"line":77,"column":4},"end":{"line":77,"column":46}},"40":{"start":{"line":82,"column":0},"end":{"line":84,"column":1}}},"fnMap":{"0":{"name":"updatePoints","decl":{"start":{"line":7,"column":15},"end":{"line":7,"column":27}},"loc":{"start":{"line":7,"column":38},"end":{"line":15,"column":1}},"line":7},"1":{"name":"register","decl":{"start":{"line":17,"column":15},"end":{"line":17,"column":23}},"loc":{"start":{"line":17,"column":34},"end":{"line":31,"column":1}},"line":17},"2":{"name":"resetPoints","decl":{"start":{"line":33,"column":15},"end":{"line":33,"column":26}},"loc":{"start":{"line":33,"column":37},"end":{"line":41,"column":1}},"line":33},"3":{"name":"login","decl":{"start":{"line":43,"column":15},"end":{"line":43,"column":20}},"loc":{"start":{"line":43,"column":31},"end":{"line":68,"column":1}},"line":43},"4":{"name":"(anonymous_4)","decl":{"start":{"line":54,"column":73},"end":{"line":54,"column":74}},"loc":{"start":{"line":54,"column":88},"end":{"line":60,"column":9}},"line":54},"5":{"name":"currentQuestion","decl":{"start":{"line":70,"column":15},"end":{"line":70,"column":30}},"loc":{"start":{"line":70,"column":41},"end":{"line":79,"column":1}},"line":70}},"branchMap":{"0":{"loc":{"start":{"line":47,"column":6},"end":{"line":47,"column":65}},"type":"if","locations":[{"start":{"line":47,"column":6},"end":{"line":47,"column":65}},{"start":{},"end":{}}],"line":47},"1":{"loc":{"start":{"line":51,"column":6},"end":{"line":64,"column":7}},"type":"if","locations":[{"start":{"line":51,"column":6},"end":{"line":64,"column":7}},{"start":{"line":62,"column":13},"end":{"line":64,"column":7}}],"line":51},"2":{"loc":{"start":{"line":55,"column":10},"end":{"line":55,"column":65}},"type":"if","locations":[{"start":{"line":55,"column":10},"end":{"line":55,"column":65}},{"start":{},"end":{}}],"line":55}},"s":{"0":2,"1":2,"2":2,"3":2,"4":5,"5":5,"6":5,"7":4,"8":1,"9":3,"10":3,"11":3,"12":3,"13":2,"14":2,"15":1,"16":1,"17":1,"18":1,"19":1,"20":0,"21":4,"22":4,"23":4,"24":4,"25":0,"26":4,"27":4,"28":2,"29":2,"30":2,"31":0,"32":2,"33":2,"34":2,"35":3,"36":3,"37":2,"38":2,"39":1,"40":2},"f":{"0":5,"1":3,"2":1,"3":4,"4":2,"5":3},"b":{"0":[0,4],"1":[2,2],"2":[0,2]},"_coverageSchema":"1a1c01bbd47fc00a2c39e90264f33305004495a9","hash":"f36337eac986143ea710b12e2a1ea21c1dfa7135"}
,"C:\\Users\\matth\\Documents\\Code\\LaFosse\\Course\\learnify\\learnifyBackend\\middleware\\authenticator.js": {"path":"C:\\Users\\matth\\Documents\\Code\\LaFosse\\Course\\learnify\\learnifyBackend\\middleware\\authenticator.js","statementMap":{"0":{"start":{"line":1,"column":12},"end":{"line":1,"column":35}},"1":{"start":{"line":4,"column":18},"end":{"line":4,"column":46}},"2":{"start":{"line":6,"column":4},"end":{"line":20,"column":5}},"3":{"start":{"line":8,"column":8},"end":{"line":17,"column":10}},"4":{"start":{"line":9,"column":12},"end":{"line":16,"column":13}},"5":{"start":{"line":11,"column":16},"end":{"line":11,"column":62}},"6":{"start":{"line":14,"column":16},"end":{"line":14,"column":49}},"7":{"start":{"line":15,"column":16},"end":{"line":15,"column":23}},"8":{"start":{"line":19,"column":8},"end":{"line":19,"column":54}},"9":{"start":{"line":23,"column":0},"end":{"line":23,"column":31}}},"fnMap":{"0":{"name":"authenticator","decl":{"start":{"line":3,"column":9},"end":{"line":3,"column":22}},"loc":{"start":{"line":3,"column":38},"end":{"line":21,"column":1}},"line":3},"1":{"name":"(anonymous_1)","decl":{"start":{"line":8,"column":52},"end":{"line":8,"column":53}},"loc":{"start":{"line":8,"column":73},"end":{"line":17,"column":9}},"line":8}},"branchMap":{"0":{"loc":{"start":{"line":6,"column":4},"end":{"line":20,"column":5}},"type":"if","locations":[{"start":{"line":6,"column":4},"end":{"line":20,"column":5}},{"start":{"line":18,"column":11},"end":{"line":20,"column":5}}],"line":6},"1":{"loc":{"start":{"line":9,"column":12},"end":{"line":16,"column":13}},"type":"if","locations":[{"start":{"line":9,"column":12},"end":{"line":16,"column":13}},{"start":{"line":12,"column":19},"end":{"line":16,"column":13}}],"line":9}},"s":{"0":1,"1":8,"2":8,"3":5,"4":5,"5":0,"6":5,"7":5,"8":3,"9":1},"f":{"0":8,"1":5},"b":{"0":[5,3],"1":[0,5]},"_coverageSchema":"1a1c01bbd47fc00a2c39e90264f33305004495a9","hash":"cac8655c36ad3b97b1b07311b92c52305d3c2dd8"}
,"C:\\Users\\matth\\Documents\\Code\\LaFosse\\Course\\learnify\\learnifyBackend\\models\\Question.js": {"path":"C:\\Users\\matth\\Documents\\Code\\LaFosse\\Course\\learnify\\learnifyBackend\\models\\Question.js","statementMap":{"0":{"start":{"line":1,"column":11},"end":{"line":1,"column":41}},"1":{"start":{"line":5,"column":4},"end":{"line":5,"column":35}},"2":{"start":{"line":6,"column":4},"end":{"line":6,"column":23}},"3":{"start":{"line":7,"column":4},"end":{"line":7,"column":43}},"4":{"start":{"line":8,"column":4},"end":{"line":8,"column":29}},"5":{"start":{"line":9,"column":4},"end":{"line":9,"column":21}},"6":{"start":{"line":10,"column":4},"end":{"line":10,"column":29}},"7":{"start":{"line":11,"column":4},"end":{"line":11,"column":29}},"8":{"start":{"line":12,"column":4},"end":{"line":12,"column":29}},"9":{"start":{"line":13,"column":4},"end":{"line":13,"column":29}},"10":{"start":{"line":14,"column":4},"end":{"line":14,"column":41}},"11":{"start":{"line":15,"column":4},"end":{"line":15,"column":21}},"12":{"start":{"line":20,"column":4},"end":{"line":20,"column":24}},"13":{"start":{"line":21,"column":21},"end":{"line":21,"column":84}},"14":{"start":{"line":23,"column":4},"end":{"line":25,"column":5}},"15":{"start":{"line":24,"column":6},"end":{"line":24,"column":48}},"16":{"start":{"line":27,"column":4},"end":{"line":27,"column":51}},"17":{"start":{"line":27,"column":34},"end":{"line":27,"column":49}},"18":{"start":{"line":30,"column":19},"end":{"line":31,"column":5}},"19":{"start":{"line":33,"column":4},"end":{"line":33,"column":72}},"20":{"start":{"line":33,"column":34},"end":{"line":33,"column":72}},"21":{"start":{"line":35,"column":4},"end":{"line":35,"column":40}},"22":{"start":{"line":39,"column":19},"end":{"line":39,"column":97}},"23":{"start":{"line":41,"column":4},"end":{"line":41,"column":72}},"24":{"start":{"line":41,"column":34},"end":{"line":41,"column":72}},"25":{"start":{"line":43,"column":4},"end":{"line":43,"column":40}},"26":{"start":{"line":47,"column":19},"end":{"line":48,"column":5}},"27":{"start":{"line":50,"column":4},"end":{"line":50,"column":70}},"28":{"start":{"line":50,"column":34},"end":{"line":50,"column":70}},"29":{"start":{"line":52,"column":4},"end":{"line":52,"column":41}},"30":{"start":{"line":56,"column":0},"end":{"line":56,"column":26}}},"fnMap":{"0":{"name":"(anonymous_0)","decl":{"start":{"line":4,"column":2},"end":{"line":4,"column":3}},"loc":{"start":{"line":4,"column":127},"end":{"line":16,"column":3}},"line":4},"1":{"name":"(anonymous_1)","decl":{"start":{"line":19,"column":2},"end":{"line":19,"column":3}},"loc":{"start":{"line":19,"column":24},"end":{"line":28,"column":3}},"line":19},"2":{"name":"(anonymous_2)","decl":{"start":{"line":27,"column":29},"end":{"line":27,"column":30}},"loc":{"start":{"line":27,"column":34},"end":{"line":27,"column":49}},"line":27},"3":{"name":"(anonymous_3)","decl":{"start":{"line":29,"column":2},"end":{"line":29,"column":3}},"loc":{"start":{"line":29,"column":36},"end":{"line":36,"column":3}},"line":29},"4":{"name":"(anonymous_4)","decl":{"start":{"line":38,"column":2},"end":{"line":38,"column":3}},"loc":{"start":{"line":38,"column":35},"end":{"line":44,"column":3}},"line":38},"5":{"name":"(anonymous_5)","decl":{"start":{"line":46,"column":2},"end":{"line":46,"column":3}},"loc":{"start":{"line":46,"column":45},"end":{"line":53,"column":3}},"line":46}},"branchMap":{"0":{"loc":{"start":{"line":23,"column":4},"end":{"line":25,"column":5}},"type":"if","locations":[{"start":{"line":23,"column":4},"end":{"line":25,"column":5}},{"start":{},"end":{}}],"line":23},"1":{"loc":{"start":{"line":33,"column":4},"end":{"line":33,"column":72}},"type":"if","locations":[{"start":{"line":33,"column":4},"end":{"line":33,"column":72}},{"start":{},"end":{}}],"line":33},"2":{"loc":{"start":{"line":41,"column":4},"end":{"line":41,"column":72}},"type":"if","locations":[{"start":{"line":41,"column":4},"end":{"line":41,"column":72}},{"start":{},"end":{}}],"line":41},"3":{"loc":{"start":{"line":50,"column":4},"end":{"line":50,"column":70}},"type":"if","locations":[{"start":{"line":50,"column":4},"end":{"line":50,"column":70}},{"start":{},"end":{}}],"line":50}},"s":{"0":5,"1":5,"2":5,"3":5,"4":5,"5":5,"6":5,"7":5,"8":5,"9":5,"10":5,"11":5,"12":2,"13":2,"14":2,"15":1,"16":1,"17":2,"18":2,"19":2,"20":1,"21":1,"22":3,"23":2,"24":0,"25":2,"26":2,"27":2,"28":1,"29":1,"30":5},"f":{"0":5,"1":2,"2":2,"3":2,"4":3,"5":2},"b":{"0":[1,1],"1":[1,1],"2":[0,2],"3":[1,1]},"_coverageSchema":"1a1c01bbd47fc00a2c39e90264f33305004495a9","hash":"70e749534941420133280324b1caa1e1c8658465"}
,"C:\\Users\\matth\\Documents\\Code\\LaFosse\\Course\\learnify\\learnifyBackend\\models\\User.js": {"path":"C:\\Users\\matth\\Documents\\Code\\LaFosse\\Course\\learnify\\learnifyBackend\\models\\User.js","statementMap":{"0":{"start":{"line":1,"column":11},"end":{"line":1,"column":41}},"1":{"start":{"line":2,"column":17},"end":{"line":2,"column":46}},"2":{"start":{"line":7,"column":8},"end":{"line":7,"column":33}},"3":{"start":{"line":8,"column":8},"end":{"line":8,"column":33}},"4":{"start":{"line":9,"column":8},"end":{"line":9,"column":33}},"5":{"start":{"line":10,"column":8},"end":{"line":10,"column":25}},"6":{"start":{"line":11,"column":8},"end":{"line":11,"column":31}},"7":{"start":{"line":12,"column":8},"end":{"line":12,"column":27}},"8":{"start":{"line":16,"column":25},"end":{"line":16,"column":132}},"9":{"start":{"line":17,"column":8},"end":{"line":19,"column":9}},"10":{"start":{"line":18,"column":12},"end":{"line":18,"column":54}},"11":{"start":{"line":20,"column":8},"end":{"line":20,"column":42}},"12":{"start":{"line":24,"column":28},"end":{"line":24,"column":103}},"13":{"start":{"line":25,"column":29},"end":{"line":25,"column":66}},"14":{"start":{"line":27,"column":8},"end":{"line":29,"column":9}},"15":{"start":{"line":28,"column":12},"end":{"line":28,"column":61}},"16":{"start":{"line":31,"column":8},"end":{"line":31,"column":36}},"17":{"start":{"line":36,"column":25},"end":{"line":36,"column":126}},"18":{"start":{"line":37,"column":8},"end":{"line":39,"column":9}},"19":{"start":{"line":38,"column":12},"end":{"line":38,"column":54}},"20":{"start":{"line":40,"column":8},"end":{"line":40,"column":42}},"21":{"start":{"line":44,"column":61},"end":{"line":44,"column":65}},"22":{"start":{"line":45,"column":8},"end":{"line":45,"column":120}},"23":{"start":{"line":45,"column":59},"end":{"line":45,"column":120}},"24":{"start":{"line":46,"column":23},"end":{"line":47,"column":55}},"25":{"start":{"line":48,"column":22},"end":{"line":48,"column":47}},"26":{"start":{"line":49,"column":24},"end":{"line":49,"column":52}},"27":{"start":{"line":50,"column":8},"end":{"line":50,"column":23}},"28":{"start":{"line":54,"column":28},"end":{"line":54,"column":94}},"29":{"start":{"line":55,"column":23},"end":{"line":55,"column":60}},"30":{"start":{"line":57,"column":8},"end":{"line":59,"column":9}},"31":{"start":{"line":58,"column":12},"end":{"line":58,"column":66}},"32":{"start":{"line":61,"column":8},"end":{"line":61,"column":55}},"33":{"start":{"line":62,"column":8},"end":{"line":62,"column":30}},"34":{"start":{"line":66,"column":8},"end":{"line":82,"column":9}},"35":{"start":{"line":67,"column":33},"end":{"line":67,"column":118}},"36":{"start":{"line":68,"column":12},"end":{"line":68,"column":91}},"37":{"start":{"line":68,"column":50},"end":{"line":68,"column":91}},"38":{"start":{"line":70,"column":27},"end":{"line":70,"column":56}},"39":{"start":{"line":71,"column":36},"end":{"line":71,"column":70}},"40":{"start":{"line":73,"column":12},"end":{"line":76,"column":13}},"41":{"start":{"line":74,"column":16},"end":{"line":74,"column":94}},"42":{"start":{"line":75,"column":16},"end":{"line":75,"column":28}},"43":{"start":{"line":78,"column":12},"end":{"line":78,"column":37}},"44":{"start":{"line":80,"column":12},"end":{"line":80,"column":58}},"45":{"start":{"line":81,"column":12},"end":{"line":81,"column":24}},"46":{"start":{"line":86,"column":0},"end":{"line":86,"column":22}}},"fnMap":{"0":{"name":"(anonymous_0)","decl":{"start":{"line":6,"column":4},"end":{"line":6,"column":5}},"loc":{"start":{"line":6,"column":71},"end":{"line":13,"column":5}},"line":6},"1":{"name":"(anonymous_1)","decl":{"start":{"line":15,"column":4},"end":{"line":15,"column":5}},"loc":{"start":{"line":15,"column":32},"end":{"line":21,"column":5}},"line":15},"2":{"name":"(anonymous_2)","decl":{"start":{"line":23,"column":4},"end":{"line":23,"column":5}},"loc":{"start":{"line":23,"column":41},"end":{"line":32,"column":5}},"line":23},"3":{"name":"(anonymous_3)","decl":{"start":{"line":35,"column":4},"end":{"line":35,"column":5}},"loc":{"start":{"line":35,"column":44},"end":{"line":41,"column":5}},"line":35},"4":{"name":"(anonymous_4)","decl":{"start":{"line":43,"column":4},"end":{"line":43,"column":5}},"loc":{"start":{"line":43,"column":30},"end":{"line":51,"column":5}},"line":43},"5":{"name":"(anonymous_5)","decl":{"start":{"line":53,"column":4},"end":{"line":53,"column":5}},"loc":{"start":{"line":53,"column":37},"end":{"line":63,"column":5}},"line":53},"6":{"name":"(anonymous_6)","decl":{"start":{"line":65,"column":4},"end":{"line":65,"column":5}},"loc":{"start":{"line":65,"column":24},"end":{"line":83,"column":5}},"line":65}},"branchMap":{"0":{"loc":{"start":{"line":17,"column":8},"end":{"line":19,"column":9}},"type":"if","locations":[{"start":{"line":17,"column":8},"end":{"line":19,"column":9}},{"start":{},"end":{}}],"line":17},"1":{"loc":{"start":{"line":27,"column":8},"end":{"line":29,"column":9}},"type":"if","locations":[{"start":{"line":27,"column":8},"end":{"line":29,"column":9}},{"start":{},"end":{}}],"line":27},"2":{"loc":{"start":{"line":37,"column":8},"end":{"line":39,"column":9}},"type":"if","locations":[{"start":{"line":37,"column":8},"end":{"line":39,"column":9}},{"start":{},"end":{}}],"line":37},"3":{"loc":{"start":{"line":45,"column":8},"end":{"line":45,"column":120}},"type":"if","locations":[{"start":{"line":45,"column":8},"end":{"line":45,"column":120}},{"start":{},"end":{}}],"line":45},"4":{"loc":{"start":{"line":45,"column":11},"end":{"line":45,"column":57}},"type":"binary-expr","locations":[{"start":{"line":45,"column":11},"end":{"line":45,"column":32}},{"start":{"line":45,"column":36},"end":{"line":45,"column":57}}],"line":45},"5":{"loc":{"start":{"line":57,"column":8},"end":{"line":59,"column":9}},"type":"if","locations":[{"start":{"line":57,"column":8},"end":{"line":59,"column":9}},{"start":{},"end":{}}],"line":57},"6":{"loc":{"start":{"line":68,"column":12},"end":{"line":68,"column":91}},"type":"if","locations":[{"start":{"line":68,"column":12},"end":{"line":68,"column":91}},{"start":{},"end":{}}],"line":68},"7":{"loc":{"start":{"line":73,"column":12},"end":{"line":76,"column":13}},"type":"if","locations":[{"start":{"line":73,"column":12},"end":{"line":76,"column":13}},{"start":{},"end":{}}],"line":73}},"s":{"0":3,"1":3,"2":14,"3":14,"4":14,"5":14,"6":14,"7":14,"8":5,"9":5,"10":1,"11":4,"12":5,"13":5,"14":5,"15":1,"16":4,"17":4,"18":4,"19":1,"20":3,"21":4,"22":4,"23":2,"24":2,"25":2,"26":2,"27":2,"28":3,"29":3,"30":3,"31":1,"32":2,"33":2,"34":3,"35":3,"36":3,"37":0,"38":3,"39":3,"40":2,"41":0,"42":0,"43":2,"44":1,"45":1,"46":3},"f":{"0":14,"1":5,"2":5,"3":4,"4":4,"5":3,"6":3},"b":{"0":[1,4],"1":[1,4],"2":[1,3],"3":[2,2],"4":[4,3],"5":[1,2],"6":[0,3],"7":[0,2]},"_coverageSchema":"1a1c01bbd47fc00a2c39e90264f33305004495a9","hash":"d11c6fe368614c08d486f45f21b41d5a051ca40d"}
,"C:\\Users\\matth\\Documents\\Code\\LaFosse\\Course\\learnify\\learnifyBackend\\routes\\user.js": {"path":"C:\\Users\\matth\\Documents\\Code\\LaFosse\\Course\\learnify\\learnifyBackend\\routes\\user.js","statementMap":{"0":{"start":{"line":1,"column":19},"end":{"line":1,"column":37}},"1":{"start":{"line":3,"column":23},"end":{"line":3,"column":56}},"2":{"start":{"line":4,"column":22},"end":{"line":4,"column":60}},"3":{"start":{"line":6,"column":19},"end":{"line":6,"column":27}},"4":{"start":{"line":8,"column":0},"end":{"line":8,"column":54}},"5":{"start":{"line":9,"column":0},"end":{"line":9,"column":48}},"6":{"start":{"line":10,"column":0},"end":{"line":10,"column":75}},"7":{"start":{"line":12,"column":0},"end":{"line":12,"column":77}},"8":{"start":{"line":14,"column":0},"end":{"line":14,"column":76}},"9":{"start":{"line":16,"column":0},"end":{"line":16,"column":28}}},"fnMap":{},"branchMap":{},"s":{"0":1,"1":1,"2":1,"3":1,"4":1,"5":1,"6":1,"7":1,"8":1,"9":1},"f":{},"b":{},"_coverageSchema":"1a1c01bbd47fc00a2c39e90264f33305004495a9","hash":"36f1edd7d21031bd6820b0156a1ecfd71a6af17d"}
}
