{"C:\\Users\\matth\\Documents\\Code\\LaFosse\\Course\\learnify\\learnifyBackend\\controllers\\question.js": {"path":"C:\\Users\\matth\\Documents\\Code\\LaFosse\\Course\\learnify\\learnifyBackend\\controllers\\question.js","statementMap":{"0":{"start":{"line":1,"column":17},"end":{"line":1,"column":46}},"1":{"start":{"line":5,"column":2},"end":{"line":11,"column":3}},"2":{"start":{"line":6,"column":21},"end":{"line":6,"column":44}},"3":{"start":{"line":7,"column":4},"end":{"line":7,"column":29}},"4":{"start":{"line":8,"column":4},"end":{"line":8,"column":35}},"5":{"start":{"line":10,"column":4},"end":{"line":10,"column":48}},"6":{"start":{"line":14,"column":2},"end":{"line":29,"column":3}},"7":{"start":{"line":15,"column":15},"end":{"line":15,"column":46}},"8":{"start":{"line":16,"column":21},"end":{"line":16,"column":47}},"9":{"start":{"line":17,"column":4},"end":{"line":26,"column":7}},"10":{"start":{"line":28,"column":4},"end":{"line":28,"column":49}},"11":{"start":{"line":34,"column":2},"end":{"line":40,"column":3}},"12":{"start":{"line":35,"column":15},"end":{"line":35,"column":46}},"13":{"start":{"line":36,"column":26},"end":{"line":36,"column":61}},"14":{"start":{"line":37,"column":4},"end":{"line":37,"column":58}},"15":{"start":{"line":39,"column":4},"end":{"line":39,"column":49}},"16":{"start":{"line":43,"column":0},"end":{"line":43,"column":48}}},"fnMap":{"0":{"name":"index","decl":{"start":{"line":4,"column":15},"end":{"line":4,"column":20}},"loc":{"start":{"line":4,"column":31},"end":{"line":12,"column":1}},"line":4},"1":{"name":"show","decl":{"start":{"line":13,"column":15},"end":{"line":13,"column":19}},"loc":{"start":{"line":13,"column":30},"end":{"line":30,"column":1}},"line":13},"2":{"name":"correctAnswer","decl":{"start":{"line":33,"column":15},"end":{"line":33,"column":28}},"loc":{"start":{"line":33,"column":39},"end":{"line":41,"column":1}},"line":33}},"branchMap":{},"s":{"0":1,"1":2,"2":2,"3":1,"4":1,"5":1,"6":2,"7":2,"8":2,"9":1,"10":1,"11":2,"12":2,"13":2,"14":1,"15":1,"16":1},"f":{"0":2,"1":2,"2":2},"b":{},"_coverageSchema":"1a1c01bbd47fc00a2c39e90264f33305004495a9","hash":"a0d4614c272eeb4796442d6ffbea1e93b0914cdb"}
,"C:\\Users\\matth\\Documents\\Code\\LaFosse\\Course\\learnify\\learnifyBackend\\controllers\\user.js": {"path":"C:\\Users\\matth\\Documents\\Code\\LaFosse\\Course\\learnify\\learnifyBackend\\controllers\\user.js","statementMap":{"0":{"start":{"line":1,"column":15},"end":{"line":1,"column":32}},"1":{"start":{"line":2,"column":12},"end":{"line":2,"column":35}},"2":{"start":{"line":3,"column":0},"end":{"line":3,"column":27}},"3":{"start":{"line":5,"column":13},"end":{"line":5,"column":38}},"4":{"start":{"line":8,"column":2},"end":{"line":14,"column":3}},"5":{"start":{"line":9,"column":19},"end":{"line":9,"column":36}},"6":{"start":{"line":10,"column":24},"end":{"line":10,"column":58}},"7":{"start":{"line":11,"column":4},"end":{"line":11,"column":38}},"8":{"start":{"line":13,"column":4},"end":{"line":13,"column":49}},"9":{"start":{"line":18,"column":4},"end":{"line":30,"column":5}},"10":{"start":{"line":19,"column":19},"end":{"line":19,"column":27}},"11":{"start":{"line":22,"column":19},"end":{"line":22,"column":81}},"12":{"start":{"line":25,"column":6},"end":{"line":25,"column":64}},"13":{"start":{"line":26,"column":21},"end":{"line":26,"column":44}},"14":{"start":{"line":27,"column":6},"end":{"line":27,"column":35}},"15":{"start":{"line":29,"column":6},"end":{"line":29,"column":51}},"16":{"start":{"line":34,"column":17},"end":{"line":34,"column":25}},"17":{"start":{"line":35,"column":4},"end":{"line":57,"column":5}},"18":{"start":{"line":36,"column":19},"end":{"line":36,"column":61}},"19":{"start":{"line":37,"column":6},"end":{"line":37,"column":65}},"20":{"start":{"line":37,"column":18},"end":{"line":37,"column":63}},"21":{"start":{"line":39,"column":20},"end":{"line":39,"column":70}},"22":{"start":{"line":41,"column":6},"end":{"line":54,"column":7}},"23":{"start":{"line":42,"column":24},"end":{"line":42,"column":52}},"24":{"start":{"line":44,"column":8},"end":{"line":50,"column":11}},"25":{"start":{"line":45,"column":10},"end":{"line":45,"column":65}},"26":{"start":{"line":45,"column":19},"end":{"line":45,"column":63}},"27":{"start":{"line":46,"column":10},"end":{"line":49,"column":13}},"28":{"start":{"line":53,"column":8},"end":{"line":53,"column":58}},"29":{"start":{"line":56,"column":6},"end":{"line":56,"column":51}},"30":{"start":{"line":61,"column":2},"end":{"line":68,"column":3}},"31":{"start":{"line":62,"column":24},"end":{"line":62,"column":64}},"32":{"start":{"line":63,"column":21},"end":{"line":63,"column":52}},"33":{"start":{"line":65,"column":4},"end":{"line":65,"column":34}},"34":{"start":{"line":67,"column":4},"end":{"line":67,"column":46}},"35":{"start":{"line":72,"column":0},"end":{"line":74,"column":1}}},"fnMap":{"0":{"name":"updatePoints","decl":{"start":{"line":7,"column":15},"end":{"line":7,"column":27}},"loc":{"start":{"line":7,"column":38},"end":{"line":15,"column":1}},"line":7},"1":{"name":"register","decl":{"start":{"line":17,"column":15},"end":{"line":17,"column":23}},"loc":{"start":{"line":17,"column":34},"end":{"line":31,"column":1}},"line":17},"2":{"name":"login","decl":{"start":{"line":33,"column":15},"end":{"line":33,"column":20}},"loc":{"start":{"line":33,"column":31},"end":{"line":58,"column":1}},"line":33},"3":{"name":"(anonymous_3)","decl":{"start":{"line":44,"column":73},"end":{"line":44,"column":74}},"loc":{"start":{"line":44,"column":88},"end":{"line":50,"column":9}},"line":44},"4":{"name":"currentQuestion","decl":{"start":{"line":60,"column":15},"end":{"line":60,"column":30}},"loc":{"start":{"line":60,"column":41},"end":{"line":69,"column":1}},"line":60}},"branchMap":{"0":{"loc":{"start":{"line":37,"column":6},"end":{"line":37,"column":65}},"type":"if","locations":[{"start":{"line":37,"column":6},"end":{"line":37,"column":65}},{"start":{},"end":{}}],"line":37},"1":{"loc":{"start":{"line":41,"column":6},"end":{"line":54,"column":7}},"type":"if","locations":[{"start":{"line":41,"column":6},"end":{"line":54,"column":7}},{"start":{"line":52,"column":13},"end":{"line":54,"column":7}}],"line":41},"2":{"loc":{"start":{"line":45,"column":10},"end":{"line":45,"column":65}},"type":"if","locations":[{"start":{"line":45,"column":10},"end":{"line":45,"column":65}},{"start":{},"end":{}}],"line":45}},"s":{"0":1,"1":1,"2":1,"3":1,"4":2,"5":2,"6":2,"7":1,"8":1,"9":2,"10":2,"11":2,"12":2,"13":1,"14":1,"15":1,"16":2,"17":2,"18":2,"19":2,"20":0,"21":2,"22":2,"23":1,"24":1,"25":1,"26":0,"27":1,"28":1,"29":1,"30":2,"31":2,"32":1,"33":1,"34":1,"35":1},"f":{"0":2,"1":2,"2":2,"3":1,"4":2},"b":{"0":[0,2],"1":[1,1],"2":[0,1]},"_coverageSchema":"1a1c01bbd47fc00a2c39e90264f33305004495a9","hash":"9c2e860e9c5754cee2d3bb2926b2abce32a1aeee"}
,"C:\\Users\\matth\\Documents\\Code\\LaFosse\\Course\\learnify\\learnifyBackend\\database\\connect.js": {"path":"C:\\Users\\matth\\Documents\\Code\\LaFosse\\Course\\learnify\\learnifyBackend\\database\\connect.js","statementMap":{"0":{"start":{"line":1,"column":17},"end":{"line":1,"column":30}},"1":{"start":{"line":3,"column":11},"end":{"line":5,"column":2}},"2":{"start":{"line":7,"column":0},"end":{"line":7,"column":41}},"3":{"start":{"line":9,"column":0},"end":{"line":9,"column":20}}},"fnMap":{},"branchMap":{},"s":{"0":4,"1":4,"2":4,"3":4},"f":{},"b":{},"_coverageSchema":"1a1c01bbd47fc00a2c39e90264f33305004495a9","hash":"332eeebc8a6773e671b20996480c9ce166c6a618"}
,"C:\\Users\\matth\\Documents\\Code\\LaFosse\\Course\\learnify\\learnifyBackend\\models\\Question.js": {"path":"C:\\Users\\matth\\Documents\\Code\\LaFosse\\Course\\learnify\\learnifyBackend\\models\\Question.js","statementMap":{"0":{"start":{"line":1,"column":11},"end":{"line":1,"column":41}},"1":{"start":{"line":5,"column":4},"end":{"line":5,"column":35}},"2":{"start":{"line":6,"column":4},"end":{"line":6,"column":23}},"3":{"start":{"line":7,"column":4},"end":{"line":7,"column":43}},"4":{"start":{"line":8,"column":4},"end":{"line":8,"column":29}},"5":{"start":{"line":9,"column":4},"end":{"line":9,"column":29}},"6":{"start":{"line":10,"column":4},"end":{"line":10,"column":29}},"7":{"start":{"line":11,"column":4},"end":{"line":11,"column":29}},"8":{"start":{"line":12,"column":4},"end":{"line":12,"column":29}},"9":{"start":{"line":13,"column":4},"end":{"line":13,"column":41}},"10":{"start":{"line":18,"column":4},"end":{"line":18,"column":24}},"11":{"start":{"line":19,"column":21},"end":{"line":19,"column":84}},"12":{"start":{"line":21,"column":4},"end":{"line":23,"column":5}},"13":{"start":{"line":22,"column":6},"end":{"line":22,"column":48}},"14":{"start":{"line":25,"column":4},"end":{"line":25,"column":51}},"15":{"start":{"line":25,"column":34},"end":{"line":25,"column":49}},"16":{"start":{"line":28,"column":19},"end":{"line":29,"column":5}},"17":{"start":{"line":31,"column":4},"end":{"line":31,"column":72}},"18":{"start":{"line":31,"column":34},"end":{"line":31,"column":72}},"19":{"start":{"line":33,"column":4},"end":{"line":33,"column":40}},"20":{"start":{"line":37,"column":19},"end":{"line":37,"column":97}},"21":{"start":{"line":39,"column":4},"end":{"line":39,"column":72}},"22":{"start":{"line":39,"column":34},"end":{"line":39,"column":72}},"23":{"start":{"line":41,"column":4},"end":{"line":41,"column":40}},"24":{"start":{"line":45,"column":19},"end":{"line":46,"column":5}},"25":{"start":{"line":48,"column":4},"end":{"line":48,"column":70}},"26":{"start":{"line":48,"column":34},"end":{"line":48,"column":70}},"27":{"start":{"line":50,"column":4},"end":{"line":50,"column":41}},"28":{"start":{"line":54,"column":0},"end":{"line":54,"column":26}}},"fnMap":{"0":{"name":"(anonymous_0)","decl":{"start":{"line":4,"column":2},"end":{"line":4,"column":3}},"loc":{"start":{"line":4,"column":121},"end":{"line":14,"column":3}},"line":4},"1":{"name":"(anonymous_1)","decl":{"start":{"line":17,"column":2},"end":{"line":17,"column":3}},"loc":{"start":{"line":17,"column":24},"end":{"line":26,"column":3}},"line":17},"2":{"name":"(anonymous_2)","decl":{"start":{"line":25,"column":29},"end":{"line":25,"column":30}},"loc":{"start":{"line":25,"column":34},"end":{"line":25,"column":49}},"line":25},"3":{"name":"(anonymous_3)","decl":{"start":{"line":27,"column":2},"end":{"line":27,"column":3}},"loc":{"start":{"line":27,"column":36},"end":{"line":34,"column":3}},"line":27},"4":{"name":"(anonymous_4)","decl":{"start":{"line":36,"column":2},"end":{"line":36,"column":3}},"loc":{"start":{"line":36,"column":35},"end":{"line":42,"column":3}},"line":36},"5":{"name":"(anonymous_5)","decl":{"start":{"line":44,"column":2},"end":{"line":44,"column":3}},"loc":{"start":{"line":44,"column":45},"end":{"line":51,"column":3}},"line":44}},"branchMap":{"0":{"loc":{"start":{"line":21,"column":4},"end":{"line":23,"column":5}},"type":"if","locations":[{"start":{"line":21,"column":4},"end":{"line":23,"column":5}},{"start":{},"end":{}}],"line":21},"1":{"loc":{"start":{"line":31,"column":4},"end":{"line":31,"column":72}},"type":"if","locations":[{"start":{"line":31,"column":4},"end":{"line":31,"column":72}},{"start":{},"end":{}}],"line":31},"2":{"loc":{"start":{"line":39,"column":4},"end":{"line":39,"column":72}},"type":"if","locations":[{"start":{"line":39,"column":4},"end":{"line":39,"column":72}},{"start":{},"end":{}}],"line":39},"3":{"loc":{"start":{"line":48,"column":4},"end":{"line":48,"column":70}},"type":"if","locations":[{"start":{"line":48,"column":4},"end":{"line":48,"column":70}},{"start":{},"end":{}}],"line":48}},"s":{"0":4,"1":3,"2":3,"3":3,"4":3,"5":3,"6":3,"7":3,"8":3,"9":3,"10":2,"11":2,"12":2,"13":1,"14":1,"15":2,"16":2,"17":2,"18":1,"19":1,"20":0,"21":0,"22":0,"23":0,"24":2,"25":2,"26":1,"27":1,"28":4},"f":{"0":3,"1":2,"2":2,"3":2,"4":0,"5":2},"b":{"0":[1,1],"1":[1,1],"2":[0,0],"3":[1,1]},"_coverageSchema":"1a1c01bbd47fc00a2c39e90264f33305004495a9","hash":"6286b259ec3d9954c51e617226efba0c9b0eeaa2"}
,"C:\\Users\\matth\\Documents\\Code\\LaFosse\\Course\\learnify\\learnifyBackend\\models\\User.js": {"path":"C:\\Users\\matth\\Documents\\Code\\LaFosse\\Course\\learnify\\learnifyBackend\\models\\User.js","statementMap":{"0":{"start":{"line":1,"column":11},"end":{"line":1,"column":41}},"1":{"start":{"line":2,"column":17},"end":{"line":2,"column":46}},"2":{"start":{"line":7,"column":8},"end":{"line":7,"column":33}},"3":{"start":{"line":8,"column":8},"end":{"line":8,"column":33}},"4":{"start":{"line":9,"column":8},"end":{"line":9,"column":33}},"5":{"start":{"line":10,"column":8},"end":{"line":10,"column":25}},"6":{"start":{"line":11,"column":8},"end":{"line":11,"column":31}},"7":{"start":{"line":12,"column":8},"end":{"line":12,"column":27}},"8":{"start":{"line":16,"column":25},"end":{"line":16,"column":132}},"9":{"start":{"line":17,"column":8},"end":{"line":19,"column":9}},"10":{"start":{"line":18,"column":12},"end":{"line":18,"column":54}},"11":{"start":{"line":20,"column":8},"end":{"line":20,"column":42}},"12":{"start":{"line":26,"column":28},"end":{"line":26,"column":79}},"13":{"start":{"line":27,"column":29},"end":{"line":27,"column":66}},"14":{"start":{"line":29,"column":8},"end":{"line":31,"column":9}},"15":{"start":{"line":30,"column":12},"end":{"line":30,"column":61}},"16":{"start":{"line":33,"column":30},"end":{"line":33,"column":57}},"17":{"start":{"line":34,"column":28},"end":{"line":34,"column":99}},"18":{"start":{"line":35,"column":29},"end":{"line":35,"column":81}},"19":{"start":{"line":37,"column":28},"end":{"line":37,"column":48}},"20":{"start":{"line":38,"column":8},"end":{"line":38,"column":27}},"21":{"start":{"line":44,"column":25},"end":{"line":44,"column":126}},"22":{"start":{"line":45,"column":8},"end":{"line":47,"column":9}},"23":{"start":{"line":46,"column":12},"end":{"line":46,"column":54}},"24":{"start":{"line":48,"column":8},"end":{"line":48,"column":42}},"25":{"start":{"line":52,"column":61},"end":{"line":52,"column":65}},"26":{"start":{"line":53,"column":8},"end":{"line":53,"column":120}},"27":{"start":{"line":53,"column":59},"end":{"line":53,"column":120}},"28":{"start":{"line":54,"column":23},"end":{"line":55,"column":55}},"29":{"start":{"line":56,"column":22},"end":{"line":56,"column":47}},"30":{"start":{"line":57,"column":24},"end":{"line":57,"column":52}},"31":{"start":{"line":58,"column":8},"end":{"line":58,"column":23}},"32":{"start":{"line":62,"column":8},"end":{"line":73,"column":9}},"33":{"start":{"line":63,"column":33},"end":{"line":67,"column":31}},"34":{"start":{"line":68,"column":27},"end":{"line":68,"column":56}},"35":{"start":{"line":69,"column":37},"end":{"line":69,"column":71}},"36":{"start":{"line":70,"column":12},"end":{"line":70,"column":36}},"37":{"start":{"line":72,"column":12},"end":{"line":72,"column":48}},"38":{"start":{"line":77,"column":0},"end":{"line":77,"column":22}}},"fnMap":{"0":{"name":"(anonymous_0)","decl":{"start":{"line":6,"column":4},"end":{"line":6,"column":5}},"loc":{"start":{"line":6,"column":71},"end":{"line":13,"column":5}},"line":6},"1":{"name":"(anonymous_1)","decl":{"start":{"line":15,"column":4},"end":{"line":15,"column":5}},"loc":{"start":{"line":15,"column":32},"end":{"line":21,"column":5}},"line":15},"2":{"name":"(anonymous_2)","decl":{"start":{"line":25,"column":4},"end":{"line":25,"column":5}},"loc":{"start":{"line":25,"column":41},"end":{"line":39,"column":5}},"line":25},"3":{"name":"(anonymous_3)","decl":{"start":{"line":43,"column":4},"end":{"line":43,"column":5}},"loc":{"start":{"line":43,"column":44},"end":{"line":49,"column":5}},"line":43},"4":{"name":"(anonymous_4)","decl":{"start":{"line":51,"column":4},"end":{"line":51,"column":5}},"loc":{"start":{"line":51,"column":30},"end":{"line":59,"column":5}},"line":51},"5":{"name":"(anonymous_5)","decl":{"start":{"line":61,"column":4},"end":{"line":61,"column":5}},"loc":{"start":{"line":61,"column":24},"end":{"line":74,"column":4}},"line":61}},"branchMap":{"0":{"loc":{"start":{"line":17,"column":8},"end":{"line":19,"column":9}},"type":"if","locations":[{"start":{"line":17,"column":8},"end":{"line":19,"column":9}},{"start":{},"end":{}}],"line":17},"1":{"loc":{"start":{"line":29,"column":8},"end":{"line":31,"column":9}},"type":"if","locations":[{"start":{"line":29,"column":8},"end":{"line":31,"column":9}},{"start":{},"end":{}}],"line":29},"2":{"loc":{"start":{"line":45,"column":8},"end":{"line":47,"column":9}},"type":"if","locations":[{"start":{"line":45,"column":8},"end":{"line":47,"column":9}},{"start":{},"end":{}}],"line":45},"3":{"loc":{"start":{"line":53,"column":8},"end":{"line":53,"column":120}},"type":"if","locations":[{"start":{"line":53,"column":8},"end":{"line":53,"column":120}},{"start":{},"end":{}}],"line":53},"4":{"loc":{"start":{"line":53,"column":11},"end":{"line":53,"column":57}},"type":"binary-expr","locations":[{"start":{"line":53,"column":11},"end":{"line":53,"column":32}},{"start":{"line":53,"column":36},"end":{"line":53,"column":57}}],"line":53}},"s":{"0":2,"1":2,"2":8,"3":8,"4":8,"5":8,"6":8,"7":8,"8":4,"9":4,"10":2,"11":2,"12":0,"13":0,"14":0,"15":0,"16":0,"17":0,"18":0,"19":0,"20":0,"21":1,"22":1,"23":0,"24":1,"25":3,"26":3,"27":2,"28":1,"29":1,"30":1,"31":1,"32":0,"33":0,"34":0,"35":0,"36":0,"37":0,"38":2},"f":{"0":8,"1":4,"2":0,"3":1,"4":3,"5":0},"b":{"0":[2,2],"1":[0,0],"2":[0,1],"3":[2,1],"4":[3,2]},"_coverageSchema":"1a1c01bbd47fc00a2c39e90264f33305004495a9","hash":"a0764acbed1a1108bd5b328d7b1f8e50fab75ffe"}
}
