TN:
SF:controllers\question.js
FN:4,index
FN:13,show
FN:33,correctAnswer
FNF:3
FNH:3
FNDA:2,index
FNDA:2,show
FNDA:2,correctAnswer
DA:1,1
DA:5,2
DA:6,2
DA:7,1
DA:8,1
DA:10,1
DA:14,2
DA:15,2
DA:16,2
DA:17,1
DA:28,1
DA:34,2
DA:35,2
DA:36,2
DA:37,1
DA:39,1
DA:43,1
LF:17
LH:17
BRF:0
BRH:0
end_of_record
TN:
SF:controllers\user.js
FN:7,updatePoints
FN:17,register
FN:33,login
FN:44,(anonymous_3)
FN:60,currentQuestion
FNF:5
FNH:5
FNDA:2,updatePoints
FNDA:2,register
FNDA:2,login
FNDA:1,(anonymous_3)
FNDA:2,currentQuestion
DA:1,1
DA:2,1
DA:3,1
DA:5,1
DA:8,2
DA:9,2
DA:10,2
DA:11,1
DA:13,1
DA:18,2
DA:19,2
DA:22,2
DA:25,2
DA:26,1
DA:27,1
DA:29,1
DA:34,2
DA:35,2
DA:36,2
DA:37,2
DA:39,2
DA:41,2
DA:42,1
DA:44,1
DA:45,1
DA:46,1
DA:53,1
DA:56,1
DA:61,2
DA:62,2
DA:63,1
DA:65,1
DA:67,1
DA:72,1
LF:34
LH:34
BRDA:37,0,0,0
BRDA:37,0,1,2
BRDA:41,1,0,1
BRDA:41,1,1,1
BRDA:45,2,0,0
BRDA:45,2,1,1
BRF:6
BRH:4
end_of_record
TN:
SF:database\connect.js
FNF:0
FNH:0
DA:1,4
DA:3,4
DA:7,4
DA:9,4
LF:4
LH:4
BRF:0
BRH:0
end_of_record
TN:
SF:models\Question.js
FN:4,(anonymous_0)
FN:17,(anonymous_1)
FN:25,(anonymous_2)
FN:27,(anonymous_3)
FN:36,(anonymous_4)
FN:44,(anonymous_5)
FNF:6
FNH:5
FNDA:3,(anonymous_0)
FNDA:2,(anonymous_1)
FNDA:2,(anonymous_2)
FNDA:2,(anonymous_3)
FNDA:0,(anonymous_4)
FNDA:2,(anonymous_5)
DA:1,4
DA:5,3
DA:6,3
DA:7,3
DA:8,3
DA:9,3
DA:10,3
DA:11,3
DA:12,3
DA:13,3
DA:18,2
DA:19,2
DA:21,2
DA:22,1
DA:25,2
DA:28,2
DA:31,2
DA:33,1
DA:37,0
DA:39,0
DA:41,0
DA:45,2
DA:48,2
DA:50,1
DA:54,4
LF:25
LH:22
BRDA:21,0,0,1
BRDA:21,0,1,1
BRDA:31,1,0,1
BRDA:31,1,1,1
BRDA:39,2,0,0
BRDA:39,2,1,0
BRDA:48,3,0,1
BRDA:48,3,1,1
BRF:8
BRH:6
end_of_record
TN:
SF:models\User.js
FN:6,(anonymous_0)
FN:15,(anonymous_1)
FN:25,(anonymous_2)
FN:43,(anonymous_3)
FN:51,(anonymous_4)
FN:61,(anonymous_5)
FNF:6
FNH:4
FNDA:8,(anonymous_0)
FNDA:4,(anonymous_1)
FNDA:0,(anonymous_2)
FNDA:1,(anonymous_3)
FNDA:3,(anonymous_4)
FNDA:0,(anonymous_5)
DA:1,2
DA:2,2
DA:7,8
DA:8,8
DA:9,8
DA:10,8
DA:11,8
DA:12,8
DA:16,4
DA:17,4
DA:18,2
DA:20,2
DA:26,0
DA:27,0
DA:29,0
DA:30,0
DA:33,0
DA:34,0
DA:35,0
DA:37,0
DA:38,0
DA:44,1
DA:45,1
DA:46,0
DA:48,1
DA:52,3
DA:53,3
DA:54,1
DA:56,1
DA:57,1
DA:58,1
DA:62,0
DA:63,0
DA:68,0
DA:69,0
DA:70,0
DA:72,0
DA:77,2
LF:38
LH:22
BRDA:17,0,0,2
BRDA:17,0,1,2
BRDA:29,1,0,0
BRDA:29,1,1,0
BRDA:45,2,0,0
BRDA:45,2,1,1
BRDA:53,3,0,2
BRDA:53,3,1,1
BRDA:53,4,0,3
BRDA:53,4,1,2
BRF:10
BRH:7
end_of_record
