TN:
SF:controllers\question.js
FN:4,index
FN:13,show
FN:33,correctAnswer
FNF:3
FNH:3
FNDA:2,index
FNDA:2,show
FNDA:2,correctAnswer
DA:1,1
DA:5,2
DA:6,2
DA:7,1
DA:8,1
DA:10,1
DA:14,2
DA:15,2
DA:16,2
DA:17,1
DA:28,1
DA:34,2
DA:35,2
DA:36,2
DA:37,1
DA:39,1
DA:43,1
LF:17
LH:17
BRF:0
BRH:0
end_of_record
TN:
SF:controllers\user.js
FN:7,updatePoints
FN:17,register
FN:33,resetPoints
FN:43,login
FN:54,(anonymous_4)
FN:70,currentQuestion
FNF:6
FNH:5
FNDA:2,updatePoints
FNDA:2,register
FNDA:0,resetPoints
FNDA:2,login
FNDA:1,(anonymous_4)
FNDA:2,currentQuestion
DA:1,1
DA:2,1
DA:3,1
DA:5,1
DA:8,2
DA:9,2
DA:10,2
DA:11,1
DA:13,1
DA:18,2
DA:19,2
DA:22,2
DA:25,2
DA:26,1
DA:27,1
DA:29,1
DA:34,0
DA:35,0
DA:36,0
DA:37,0
DA:39,0
DA:44,2
DA:45,2
DA:46,2
DA:47,2
DA:49,2
DA:51,2
DA:52,1
DA:54,1
DA:55,1
DA:56,1
DA:63,1
DA:66,1
DA:71,2
DA:72,2
DA:73,1
DA:75,1
DA:77,1
DA:82,1
LF:39
LH:34
BRDA:47,0,0,0
BRDA:47,0,1,2
BRDA:51,1,0,1
BRDA:51,1,1,1
BRDA:55,2,0,0
BRDA:55,2,1,1
BRF:6
BRH:4
end_of_record
TN:
SF:database\connect.js
FNF:0
FNH:0
DA:1,4
DA:3,4
DA:7,4
DA:9,4
LF:4
LH:4
BRF:0
BRH:0
end_of_record
TN:
SF:models\Question.js
FN:4,(anonymous_0)
FN:18,(anonymous_1)
FN:26,(anonymous_2)
FN:28,(anonymous_3)
FN:37,(anonymous_4)
FN:45,(anonymous_5)
FNF:6
FNH:5
FNDA:4,(anonymous_0)
FNDA:2,(anonymous_1)
FNDA:2,(anonymous_2)
FNDA:2,(anonymous_3)
FNDA:0,(anonymous_4)
FNDA:2,(anonymous_5)
DA:1,4
DA:5,4
DA:6,4
DA:7,4
DA:8,4
DA:9,4
DA:10,4
DA:11,4
DA:12,4
DA:13,4
DA:14,4
DA:19,2
DA:20,2
DA:22,2
DA:23,1
DA:26,2
DA:29,2
DA:32,2
DA:34,1
DA:38,0
DA:40,0
DA:42,0
DA:46,2
DA:49,2
DA:51,1
DA:55,4
LF:26
LH:23
BRDA:22,0,0,1
BRDA:22,0,1,1
BRDA:32,1,0,1
BRDA:32,1,1,1
BRDA:40,2,0,0
BRDA:40,2,1,0
BRDA:49,3,0,1
BRDA:49,3,1,1
BRF:8
BRH:6
end_of_record
TN:
SF:models\User.js
FN:6,(anonymous_0)
FN:15,(anonymous_1)
FN:23,(anonymous_2)
FN:35,(anonymous_3)
FN:43,(anonymous_4)
FN:53,(anonymous_5)
FN:65,(anonymous_6)
FNF:7
FNH:6
FNDA:10,(anonymous_0)
FNDA:4,(anonymous_1)
FNDA:2,(anonymous_2)
FNDA:1,(anonymous_3)
FNDA:3,(anonymous_4)
FNDA:0,(anonymous_5)
FNDA:2,(anonymous_6)
DA:1,2
DA:2,2
DA:7,10
DA:8,10
DA:9,10
DA:10,10
DA:11,10
DA:12,10
DA:16,4
DA:17,4
DA:18,2
DA:20,2
DA:24,2
DA:25,2
DA:27,2
DA:28,0
DA:31,2
DA:36,1
DA:37,1
DA:38,0
DA:40,1
DA:44,3
DA:45,3
DA:46,1
DA:48,1
DA:49,1
DA:50,1
DA:54,0
DA:55,0
DA:57,0
DA:58,0
DA:61,0
DA:62,0
DA:66,2
DA:67,2
DA:68,2
DA:70,1
DA:71,1
DA:73,1
DA:74,0
DA:75,0
DA:78,1
DA:80,1
DA:81,1
DA:86,2
LF:45
LH:35
BRDA:17,0,0,2
BRDA:17,0,1,2
BRDA:27,1,0,0
BRDA:27,1,1,2
BRDA:37,2,0,0
BRDA:37,2,1,1
BRDA:45,3,0,2
BRDA:45,3,1,1
BRDA:45,4,0,3
BRDA:45,4,1,2
BRDA:57,5,0,0
BRDA:57,5,1,0
BRDA:68,6,0,1
BRDA:68,6,1,1
BRDA:73,7,0,0
BRDA:73,7,1,1
BRF:16
BRH:11
end_of_record
